<?xml version="1.0" encoding="UTF-8" ?>
<testsuites>
  <testsuite errors="0" failures="0" hostname="cameron-Lenovo-Y50-70" id="0" name="EntireSuite" package="za.ac.sun.cs.green" skipped="2" tests="77" time="0.475" timestamp="2018-03-20T15:14:13">
      <properties>
[...]
</properties>

      <testcase classname="za.ac.sun.cs.green.util.SetTaskManagerTest" name="test" time="0.01" />

      <testcase classname="za.ac.sun.cs.green.util.SetServiceTest" name="test" time="0.004" />

      <testcase classname="za.ac.sun.cs.green.service.slicer.SATSlicerTest" name="test01" time="0.003" />

      <testcase classname="za.ac.sun.cs.green.service.slicer.SATSlicerTest" name="test02a" time="0.0" />

      <testcase classname="za.ac.sun.cs.green.service.slicer.SATSlicerTest" name="test02b" time="0.0" />

      <testcase classname="za.ac.sun.cs.green.service.slicer.SATSlicerTest" name="test03" time="0.0" />

      <testcase classname="za.ac.sun.cs.green.service.slicer.SATSlicerTest" name="test04" time="0.001" />

      <testcase classname="za.ac.sun.cs.green.service.slicer.SATSlicerTest" name="test05" time="0.0" />

      <testcase classname="za.ac.sun.cs.green.service.slicer.SATSlicerTest" name="test06" time="0.0" />

      <testcase classname="za.ac.sun.cs.green.service.slicer.SATSlicerTest" name="test07" time="0.001" />

      <testcase classname="za.ac.sun.cs.green.service.slicer.SATSlicerTest" name="test08" time="0.001" />

      <testcase classname="za.ac.sun.cs.green.service.slicer.SATSlicerTest" name="test09" time="0.001" />

      <testcase classname="za.ac.sun.cs.green.service.canonizer.SATCanonizerTest" name="test01" time="0.003" />

      <testcase classname="za.ac.sun.cs.green.service.canonizer.SATCanonizerTest" name="test03" time="0.001" />

      <testcase classname="za.ac.sun.cs.green.service.canonizer.SATCanonizerTest" name="test04" time="0.0" />

      <testcase classname="za.ac.sun.cs.green.service.canonizer.SATCanonizerTest" name="test05" time="0.001" />

      <testcase classname="za.ac.sun.cs.green.service.canonizer.SATCanonizerTest" name="test06" time="0.001" />

      <testcase classname="za.ac.sun.cs.green.service.canonizer.SATCanonizerTest" name="test07" time="0.001" />

      <testcase classname="za.ac.sun.cs.green.service.canonizer.SATCanonizerTest" name="test08" time="0.0" />

      <testcase classname="za.ac.sun.cs.green.service.canonizer.SATCanonizerTest" name="test09" time="0.0" />

      <testcase classname="za.ac.sun.cs.green.service.canonizer.SATCanonizerTest" name="test02" time="0.001" />

      <testcase classname="za.ac.sun.cs.green.service.canonizer.SATCanonizerTest" name="test10" time="0.001" />

      <testcase classname="za.ac.sun.cs.green.service.canonizer.SATCanonizerTest" name="test11" time="0.001" />

      <testcase classname="za.ac.sun.cs.green.service.canonizer.SATCanonizerTest" name="test12" time="0.001" />

      <testcase classname="za.ac.sun.cs.green.service.canonizer.SATCanonizerTest" name="test13" time="0.001" />

      <testcase classname="za.ac.sun.cs.green.service.canonizer.SATCanonizerTest" name="test14" time="0.001" />

      <testcase classname="za.ac.sun.cs.green.service.canonizer.SATCanonizerTest" name="test15" time="0.0" />

      <testcase classname="za.ac.sun.cs.green.service.canonizer.SATCanonizerTest" name="test16" time="0.001" />

      <testcase classname="za.ac.sun.cs.green.service.canonizer.SATCanonizerTest" name="test17" time="0.001" />

      <testcase classname="za.ac.sun.cs.green.service.canonizer.SATCanonizerTest" name="test18" time="0.001" />

      <testcase classname="za.ac.sun.cs.green.service.canonizer.SATCanonizerTest" name="test19" time="0.0" />

      <testcase classname="za.ac.sun.cs.green.service.canonizer.SATCanonizerTest" name="test20" time="0.001" />

      <testcase classname="za.ac.sun.cs.green.service.choco.SATChocoTest" name="test01" time="0.11" />

      <testcase classname="za.ac.sun.cs.green.service.choco.SATChocoTest" name="test03" time="0.002" />

      <testcase classname="za.ac.sun.cs.green.service.choco.SATChocoTest" name="test04" time="0.002" />

      <testcase classname="za.ac.sun.cs.green.service.choco.SATChocoTest" name="test05" time="0.002" />

      <testcase classname="za.ac.sun.cs.green.service.choco.SATChocoTest" name="test06" time="0.002" />

      <testcase classname="za.ac.sun.cs.green.service.choco.SATChocoTest" name="test07" time="0.001" />

      <testcase classname="za.ac.sun.cs.green.service.choco.SATChocoTest" name="test08" time="0.001" />

      <testcase classname="za.ac.sun.cs.green.service.choco.SATChocoTest" name="test09" time="0.004" />

      <testcase classname="za.ac.sun.cs.green.service.choco.SATChocoTest" name="test02" time="0.001" />

      <testcase classname="za.ac.sun.cs.green.service.choco.SATChocoTest" name="test10" time="0.002" />

      <testcase classname="za.ac.sun.cs.green.service.choco.SATChocoTest" name="test11" time="0.004" />

      <testcase classname="za.ac.sun.cs.green.service.choco.SATChocoTest" name="test12" time="0.002" />

      <testcase classname="za.ac.sun.cs.green.service.choco.SATChocoTest" name="test13" time="0.001" />

      <testcase classname="za.ac.sun.cs.green.service.choco.SATChocoTest" name="test14" time="0.082" />

      <testcase classname="junit.framework.TestSuite" name="za.ac.sun.cs.green.service.z3.SATZ3Test" time="0.0">
          <skipped />

      </testcase>

      <testcase classname="za.ac.sun.cs.green.service.factorizer.SATFactorizerTest" name="test01" time="0.002" />

      <testcase classname="za.ac.sun.cs.green.service.factorizer.SATFactorizerTest" name="test03" time="0.001" />

      <testcase classname="za.ac.sun.cs.green.service.factorizer.SATFactorizerTest" name="test04" time="0.001" />

      <testcase classname="za.ac.sun.cs.green.service.factorizer.SATFactorizerTest" name="test05" time="0.0" />

      <testcase classname="za.ac.sun.cs.green.service.factorizer.SATFactorizerTest" name="test06" time="0.0" />

      <testcase classname="za.ac.sun.cs.green.service.factorizer.SATFactorizerTest" name="test07" time="0.001" />

      <testcase classname="za.ac.sun.cs.green.service.factorizer.SATFactorizerTest" name="test02" time="0.001" />

      <testcase classname="za.ac.sun.cs.green.service.bounder.BounderTest" name="test01" time="0.001" />

      <testcase classname="za.ac.sun.cs.green.service.bounder.BounderTest" name="test02" time="0.0" />

      <testcase classname="za.ac.sun.cs.green.parser.smtlib2.SMTLIB2Scanner0Test" name="recognizeBasicTokens" time="0.003" />

      <testcase classname="za.ac.sun.cs.green.parser.smtlib2.SMTLIB2Scanner0Test" name="recognizeNumbers" time="0.001" />

      <testcase classname="za.ac.sun.cs.green.parser.smtlib2.SMTLIB2Parser0Test" name="test01" time="0.016" />

      <testcase classname="za.ac.sun.cs.green.service.z3.ModelZ3JavaTest" name="test01" time="0.014" />

      <testcase classname="za.ac.sun.cs.green.service.z3.ModelZ3JavaTest" name="test02" time="0.008" />

      <testcase classname="junit.framework.TestSuite" name="za.ac.sun.cs.green.service.z3.SATZ3JavaTest" time="0.0">
          <skipped />

      </testcase>

      <testcase classname="za.ac.sun.cs.green.service.z3.Z3Test" name="test01" time="0.008" />

      <testcase classname="za.ac.sun.cs.green.service.z3.Z3Test" name="test03" time="0.008" />

      <testcase classname="za.ac.sun.cs.green.service.z3.Z3Test" name="test02" time="0.007" />

      <testcase classname="za.ac.sun.cs.green.service.simplify.ConstantPropagationTest" name="test01" time="0.003" />

      <testcase classname="za.ac.sun.cs.green.service.simplify.ConstantPropagationTest" name="test03" time="0.001" />

      <testcase classname="za.ac.sun.cs.green.service.simplify.ConstantPropagationTest" name="test04" time="0.001" />

      <testcase classname="za.ac.sun.cs.green.service.simplify.ConstantPropagationTest" name="test05" time="0.001" />

      <testcase classname="za.ac.sun.cs.green.service.simplify.ConstantPropagationTest" name="test06" time="0.0" />

      <testcase classname="za.ac.sun.cs.green.service.simplify.ConstantPropagationTest" name="test07" time="0.0" />

      <testcase classname="za.ac.sun.cs.green.service.simplify.ConstantPropagationTest" name="test08" time="0.001" />

      <testcase classname="za.ac.sun.cs.green.service.simplify.ConstantPropagationTest" name="test09" time="0.0" />

      <testcase classname="za.ac.sun.cs.green.service.simplify.ConstantPropagationTest" name="test02" time="0.0" />

      <testcase classname="za.ac.sun.cs.green.service.simplify.ConstantPropagationTest" name="test12" time="0.001" />

      <testcase classname="za.ac.sun.cs.green.service.simplify.ConstantPropagationTest" name="test13" time="0.0" />

      <testcase classname="za.ac.sun.cs.green.service.simplify.ConstantPropagationTest" name="test14" time="0.001" />

      <system-out><![CDATA[[20180320 17:14:13][za.ac.sun.cs.green.Green <init>][FINEST] Solver("anonymous1") created
[20180320 17:14:13][za.ac.sun.cs.green.Green <init>][FINEST] Solver("anonymous2") created
[20180320 17:14:13][za.ac.sun.cs.green.Green registerService][INFO] register service: name="sat", subservice=za.ac.sun.cs.green.service.slicer.SATSlicerService
[20180320 17:14:13][za.ac.sun.cs.green.Green <init>][FINEST] Solver("anonymous3") created
[20180320 17:14:13][za.ac.sun.cs.green.Green registerService][INFO] register service: name="sat", subservice=za.ac.sun.cs.green.service.slicer.SATSlicerService
[20180320 17:14:13][za.ac.sun.cs.green.Green registerService][INFO] register service: name="za.ac.sun.cs.green.service.slicer.SATSlicerService", subservice=za.ac.sun.cs.green.service.sink.SinkService
[20180320 17:14:13][za.ac.sun.cs.green.taskmanager.SerialTaskManager process][INFO] processing serviceName="sat"
[20180320 17:14:13][za.ac.sun.cs.green.taskmanager.SerialTaskManager process][INFO] processing serviceName="sat"
[20180320 17:14:13][za.ac.sun.cs.green.taskmanager.SerialTaskManager process][INFO] processing serviceName="sat"
[20180320 17:14:13][za.ac.sun.cs.green.taskmanager.SerialTaskManager process][INFO] processing serviceName="sat"
[20180320 17:14:13][za.ac.sun.cs.green.taskmanager.SerialTaskManager process][INFO] processing serviceName="sat"
[20180320 17:14:13][za.ac.sun.cs.green.taskmanager.SerialTaskManager process][INFO] processing serviceName="sat"
[20180320 17:14:13][za.ac.sun.cs.green.taskmanager.SerialTaskManager process][INFO] processing serviceName="sat"
[20180320 17:14:13][za.ac.sun.cs.green.taskmanager.SerialTaskManager process][INFO] processing serviceName="sat"
[20180320 17:14:13][za.ac.sun.cs.green.taskmanager.SerialTaskManager process][INFO] processing serviceName="sat"
[20180320 17:14:13][za.ac.sun.cs.green.taskmanager.SerialTaskManager process][INFO] processing serviceName="sat"
[20180320 17:14:13][za.ac.sun.cs.green.Green <init>][FINEST] Solver("anonymous4") created
[20180320 17:14:13][za.ac.sun.cs.green.Green registerService][INFO] register service: name="sat", subservice=za.ac.sun.cs.green.service.slicer.SATSlicerService
[20180320 17:14:13][za.ac.sun.cs.green.Green registerService][INFO] register service: name="za.ac.sun.cs.green.service.slicer.SATSlicerService", subservice=za.ac.sun.cs.green.service.canonizer.SATCanonizerService
[20180320 17:14:13][za.ac.sun.cs.green.Green registerService][INFO] register service: name="za.ac.sun.cs.green.service.canonizer.SATCanonizerService", subservice=za.ac.sun.cs.green.service.sink.SinkService
[20180320 17:14:13][za.ac.sun.cs.green.taskmanager.SerialTaskManager process][INFO] processing serviceName="sat"
[20180320 17:14:13][za.ac.sun.cs.green.taskmanager.SerialTaskManager process][INFO] processing serviceName="sat"
[20180320 17:14:13][za.ac.sun.cs.green.taskmanager.SerialTaskManager process][INFO] processing serviceName="sat"
[20180320 17:14:13][za.ac.sun.cs.green.taskmanager.SerialTaskManager process][INFO] processing serviceName="sat"
[20180320 17:14:13][za.ac.sun.cs.green.taskmanager.SerialTaskManager process][INFO] processing serviceName="sat"
[20180320 17:14:13][za.ac.sun.cs.green.taskmanager.SerialTaskManager process][INFO] processing serviceName="sat"
[20180320 17:14:13][za.ac.sun.cs.green.taskmanager.SerialTaskManager process][INFO] processing serviceName="sat"
[20180320 17:14:13][za.ac.sun.cs.green.taskmanager.SerialTaskManager process][INFO] processing serviceName="sat"
[20180320 17:14:13][za.ac.sun.cs.green.taskmanager.SerialTaskManager process][INFO] processing serviceName="sat"
[20180320 17:14:13][za.ac.sun.cs.green.taskmanager.SerialTaskManager process][INFO] processing serviceName="sat"
[20180320 17:14:13][za.ac.sun.cs.green.taskmanager.SerialTaskManager process][INFO] processing serviceName="sat"
[20180320 17:14:13][za.ac.sun.cs.green.taskmanager.SerialTaskManager process][INFO] processing serviceName="sat"
[20180320 17:14:13][za.ac.sun.cs.green.taskmanager.SerialTaskManager process][INFO] processing serviceName="sat"
[20180320 17:14:13][za.ac.sun.cs.green.taskmanager.SerialTaskManager process][INFO] processing serviceName="sat"
[20180320 17:14:13][za.ac.sun.cs.green.taskmanager.SerialTaskManager process][INFO] processing serviceName="sat"
[20180320 17:14:13][za.ac.sun.cs.green.taskmanager.SerialTaskManager process][INFO] processing serviceName="sat"
[20180320 17:14:13][za.ac.sun.cs.green.taskmanager.SerialTaskManager process][INFO] processing serviceName="sat"
[20180320 17:14:13][za.ac.sun.cs.green.taskmanager.SerialTaskManager process][INFO] processing serviceName="sat"
[20180320 17:14:13][za.ac.sun.cs.green.taskmanager.SerialTaskManager process][INFO] processing serviceName="sat"
[20180320 17:14:13][za.ac.sun.cs.green.taskmanager.SerialTaskManager process][INFO] processing serviceName="sat"
[20180320 17:14:13][za.ac.sun.cs.green.Green <init>][FINEST] Solver("anonymous5") created
[20180320 17:14:13][za.ac.sun.cs.green.Green registerService][INFO] register service: name="sat", subservice=za.ac.sun.cs.green.service.slicer.SATSlicerService
[20180320 17:14:13][za.ac.sun.cs.green.Green registerService][INFO] register service: name="za.ac.sun.cs.green.service.slicer.SATSlicerService", subservice=za.ac.sun.cs.green.service.canonizer.SATCanonizerService
[20180320 17:14:13][za.ac.sun.cs.green.Green registerService][INFO] register service: name="za.ac.sun.cs.green.service.canonizer.SATCanonizerService", subservice=za.ac.sun.cs.green.service.choco.SATChocoService
[20180320 17:14:13][za.ac.sun.cs.green.taskmanager.SerialTaskManager process][INFO] processing serviceName="sat"
[20180320 17:14:13][za.ac.sun.cs.green.taskmanager.SerialTaskManager process][INFO] processing serviceName="sat"
[20180320 17:14:13][za.ac.sun.cs.green.taskmanager.SerialTaskManager process][INFO] processing serviceName="sat"
[20180320 17:14:13][za.ac.sun.cs.green.taskmanager.SerialTaskManager process][INFO] processing serviceName="sat"
[20180320 17:14:13][za.ac.sun.cs.green.taskmanager.SerialTaskManager process][INFO] processing serviceName="sat"
[20180320 17:14:13][za.ac.sun.cs.green.taskmanager.SerialTaskManager process][INFO] processing serviceName="sat"
[20180320 17:14:13][za.ac.sun.cs.green.taskmanager.SerialTaskManager process][INFO] processing serviceName="sat"
[20180320 17:14:13][za.ac.sun.cs.green.taskmanager.SerialTaskManager process][INFO] processing serviceName="sat"
[20180320 17:14:13][za.ac.sun.cs.green.taskmanager.SerialTaskManager process][INFO] processing serviceName="sat"
[20180320 17:14:13][za.ac.sun.cs.green.taskmanager.SerialTaskManager process][INFO] processing serviceName="sat"
[20180320 17:14:13][za.ac.sun.cs.green.taskmanager.SerialTaskManager process][INFO] processing serviceName="sat"
[20180320 17:14:13][za.ac.sun.cs.green.taskmanager.SerialTaskManager process][INFO] processing serviceName="sat"
[20180320 17:14:13][za.ac.sun.cs.green.taskmanager.SerialTaskManager process][INFO] processing serviceName="sat"
[20180320 17:14:13][za.ac.sun.cs.green.taskmanager.SerialTaskManager process][INFO] processing serviceName="sat"
[20180320 17:14:13][za.ac.sun.cs.green.Green$1 report][INFO] SerialTaskManager :: processedCount = 14
[20180320 17:14:13][za.ac.sun.cs.green.Green$1 report][INFO] NullStore :: getCount = 14
[20180320 17:14:13][za.ac.sun.cs.green.Green$1 report][INFO] NullStore :: putCount = 14
[20180320 17:14:13][za.ac.sun.cs.green.Green$1 report][INFO] SATSlicerService :: invocations = 14
[20180320 17:14:13][za.ac.sun.cs.green.Green$1 report][INFO] SATSlicerService :: totalConjuncts = 41
[20180320 17:14:13][za.ac.sun.cs.green.Green$1 report][INFO] SATSlicerService :: minimalConjuncts = 39
[20180320 17:14:13][za.ac.sun.cs.green.Green$1 report][INFO] SATSlicerService :: conjunctReduction = 4.878048780487805
[20180320 17:14:13][za.ac.sun.cs.green.Green$1 report][INFO] SATSlicerService :: totalVariables = 38
[20180320 17:14:13][za.ac.sun.cs.green.Green$1 report][INFO] SATSlicerService :: minimalVariables = 36
[20180320 17:14:13][za.ac.sun.cs.green.Green$1 report][INFO] SATSlicerService :: variableReduction = 5.2631578947368425
[20180320 17:14:13][za.ac.sun.cs.green.Green$1 report][INFO] SATChocoService :: invocationCount = 14
[20180320 17:14:13][za.ac.sun.cs.green.Green$1 report][INFO] SATChocoService :: cacheHitCount = 0
[20180320 17:14:13][za.ac.sun.cs.green.Green$1 report][INFO] SATChocoService :: cacheMissCount = 14
[20180320 17:14:13][za.ac.sun.cs.green.Green$1 report][INFO] SATChocoService :: timeConsumption = 210
[20180320 17:14:13][za.ac.sun.cs.green.Green$1 report][INFO] SATChocoService :: SAT queries = 8
[20180320 17:14:13][za.ac.sun.cs.green.Green$1 report][INFO] SATChocoService :: UNSAT queries = 6
[20180320 17:14:13][za.ac.sun.cs.green.Green$1 report][INFO] SATCanonizerService :: invocations = 14
[20180320 17:14:13][za.ac.sun.cs.green.Green <init>][FINEST] Solver("anonymous6") created
[20180320 17:14:13][za.ac.sun.cs.green.Green registerService][INFO] register service: name="sat", subservice=za.ac.sun.cs.green.service.factorizer.SATFactorizerService
[20180320 17:14:13][za.ac.sun.cs.green.Green registerService][INFO] register service: name="za.ac.sun.cs.green.service.factorizer.SATFactorizerService", subservice=za.ac.sun.cs.green.service.sink.FactorSinkService
[20180320 17:14:13][za.ac.sun.cs.green.taskmanager.SerialTaskManager process][INFO] processing serviceName="sat"
[20180320 17:14:13][za.ac.sun.cs.green.service.factorizer.SATFactorizerService processRequest][INFO] Factorizer computes instance for :v==0
[20180320 17:14:13][za.ac.sun.cs.green.service.factorizer.SATFactorizerService processRequest][INFO] Factorize exiting with 1 results
[20180320 17:14:13][za.ac.sun.cs.green.taskmanager.SerialTaskManager process][INFO] processing serviceName="sat"
[20180320 17:14:13][za.ac.sun.cs.green.service.factorizer.SATFactorizerService processRequest][INFO] Factorizer computes instance for :(v1==0)&&(v1!=1)
[20180320 17:14:13][za.ac.sun.cs.green.service.factorizer.SATFactorizerService processRequest][INFO] Factorize exiting with 1 results
[20180320 17:14:13][za.ac.sun.cs.green.taskmanager.SerialTaskManager process][INFO] processing serviceName="sat"
[20180320 17:14:13][za.ac.sun.cs.green.service.factorizer.SATFactorizerService processRequest][INFO] Factorizer computes instance for :((v3==v4)&&(v2==v3))&&(v4==v5)
[20180320 17:14:13][za.ac.sun.cs.green.service.factorizer.SATFactorizerService processRequest][INFO] Factorize exiting with 1 results
[20180320 17:14:13][za.ac.sun.cs.green.taskmanager.SerialTaskManager process][INFO] processing serviceName="sat"
[20180320 17:14:13][za.ac.sun.cs.green.service.factorizer.SATFactorizerService processRequest][INFO] Factorizer computes instance for :(v1==v2)&&(v2==v3)
[20180320 17:14:13][za.ac.sun.cs.green.service.factorizer.SATFactorizerService processRequest][INFO] Factorizer computes instance for :(v5==v6)&&(v6==v4)
[20180320 17:14:13][za.ac.sun.cs.green.service.factorizer.SATFactorizerService processRequest][INFO] Factorize exiting with 2 results
[20180320 17:14:13][za.ac.sun.cs.green.taskmanager.SerialTaskManager process][INFO] processing serviceName="sat"
[20180320 17:14:13][za.ac.sun.cs.green.service.factorizer.SATFactorizerService processRequest][INFO] Factorizer computes instance for :((v1<(v2+v3))&&(v2<(v4+v5)))&&(v3<(v6+v7))
[20180320 17:14:13][za.ac.sun.cs.green.service.factorizer.SATFactorizerService processRequest][INFO] Factorize exiting with 1 results
[20180320 17:14:13][za.ac.sun.cs.green.taskmanager.SerialTaskManager process][INFO] processing serviceName="sat"
[20180320 17:14:13][za.ac.sun.cs.green.service.factorizer.SATFactorizerService processRequest][INFO] Factorizer computes instance for :(v1<(v2+v3))&&(v2<(v4+v5))
[20180320 17:14:13][za.ac.sun.cs.green.service.factorizer.SATFactorizerService processRequest][INFO] Factorizer computes instance for :v6<(v7+v8)
[20180320 17:14:13][za.ac.sun.cs.green.service.factorizer.SATFactorizerService processRequest][INFO] Factorize exiting with 2 results
[20180320 17:14:13][za.ac.sun.cs.green.taskmanager.SerialTaskManager process][INFO] processing serviceName="sat"
[20180320 17:14:13][za.ac.sun.cs.green.service.factorizer.SATFactorizerService processRequest][INFO] Factorizer computes instance for :v1==42
[20180320 17:14:13][za.ac.sun.cs.green.service.factorizer.SATFactorizerService processRequest][INFO] Factorizer computes instance for :v2!=1
[20180320 17:14:13][za.ac.sun.cs.green.service.factorizer.SATFactorizerService processRequest][INFO] Factorize exiting with 2 results
[20180320 17:14:13][za.ac.sun.cs.green.Green <init>][FINEST] Solver("anonymous7") created
[20180320 17:14:13][za.ac.sun.cs.green.Green registerService][INFO] register service: name="bound", subservice=za.ac.sun.cs.green.service.bounder.BounderService
[20180320 17:14:13][za.ac.sun.cs.green.Green registerService][INFO] register service: name="za.ac.sun.cs.green.service.bounder.BounderService", subservice=za.ac.sun.cs.green.service.sink.SinkService
[20180320 17:14:13][za.ac.sun.cs.green.taskmanager.SerialTaskManager process][INFO] processing serviceName="bound"
[20180320 17:14:13][za.ac.sun.cs.green.taskmanager.SerialTaskManager process][INFO] processing serviceName="bound"
[20180320 17:14:13][za.ac.sun.cs.green.Green <init>][FINEST] Solver("anonymous8") created
[20180320 17:14:13][za.ac.sun.cs.green.Green registerService][INFO] register service: name="model", subservice=za.ac.sun.cs.green.service.bounder.BounderService
[20180320 17:14:13][za.ac.sun.cs.green.Green registerService][INFO] register service: name="za.ac.sun.cs.green.service.bounder.BounderService", subservice=za.ac.sun.cs.green.service.z3.ModelZ3JavaService
[20180320 17:14:13][za.ac.sun.cs.green.taskmanager.SerialTaskManager process][INFO] processing serviceName="model"
[20180320 17:14:13][za.ac.sun.cs.green.service.z3.ModelZ3JavaService model][INFO] aa has value 0
 variable aa = 0 -> [0,0]
[20180320 17:14:13][za.ac.sun.cs.green.taskmanager.SerialTaskManager process][INFO] processing serviceName="model"
[20180320 17:14:13][za.ac.sun.cs.green.service.z3.ModelZ3JavaService model][INFO] aa has value 36
[20180320 17:14:13][za.ac.sun.cs.green.service.z3.ModelZ3JavaService model][INFO] bb has value 20
 variable aa = 36 -> [10,99]
[20180320 17:14:13][za.ac.sun.cs.green.Green$1 report][INFO] SerialTaskManager :: processedCount = 2
[20180320 17:14:13][za.ac.sun.cs.green.Green$1 report][INFO] NullStore :: getCount = 2
[20180320 17:14:13][za.ac.sun.cs.green.Green$1 report][INFO] NullStore :: putCount = 2
[20180320 17:14:13][za.ac.sun.cs.green.Green$1 report][INFO] BounderService :: invocations = 2
[20180320 17:14:13][za.ac.sun.cs.green.Green$1 report][INFO] BounderService :: totalVariables = 3
[20180320 17:14:13][za.ac.sun.cs.green.Green$1 report][INFO] ModelZ3JavaService :: invocationCount = 2
[20180320 17:14:13][za.ac.sun.cs.green.Green$1 report][INFO] ModelZ3JavaService :: cacheHitCount = 0
[20180320 17:14:13][za.ac.sun.cs.green.Green$1 report][INFO] ModelZ3JavaService :: cacheMissCount = 2
[20180320 17:14:13][za.ac.sun.cs.green.Green$1 report][INFO] ModelZ3JavaService :: timeConsumption = 21
[20180320 17:14:13][za.ac.sun.cs.green.Green <init>][FINEST] Solver("anonymous9") created
[20180320 17:14:13][za.ac.sun.cs.green.Green registerService][INFO] register service: name="model", subservice=za.ac.sun.cs.green.service.bounder.BounderService
[20180320 17:14:13][za.ac.sun.cs.green.Green registerService][INFO] register service: name="za.ac.sun.cs.green.service.bounder.BounderService", subservice=za.ac.sun.cs.green.service.z3.ModelZ3JavaService
[20180320 17:14:13][za.ac.sun.cs.green.taskmanager.SerialTaskManager process][INFO] processing serviceName="model"
[20180320 17:14:13][za.ac.sun.cs.green.service.z3.ModelZ3JavaService model][INFO] x has value 12
[20180320 17:14:13][za.ac.sun.cs.green.service.z3.ModelZ3JavaService model][INFO] y has value 0
 variable x = 12 -> [5,15]
[20180320 17:14:13][za.ac.sun.cs.green.taskmanager.SerialTaskManager process][INFO] processing serviceName="model"
[20180320 17:14:13][za.ac.sun.cs.green.service.z3.ModelZ3JavaService model][INFO] x has value 0
[20180320 17:14:13][za.ac.sun.cs.green.service.z3.ModelZ3JavaService model][INFO] y has value 6
 variable x = 0 -> [0,5]
[20180320 17:14:13][za.ac.sun.cs.green.taskmanager.SerialTaskManager process][INFO] processing serviceName="model"
[20180320 17:14:13][za.ac.sun.cs.green.service.z3.ModelZ3JavaService model][INFO] x has value 55
[20180320 17:14:13][za.ac.sun.cs.green.service.z3.ModelZ3JavaService model][INFO] y has value 0
 variable x = 55 -> [0,60]
[20180320 17:14:13][za.ac.sun.cs.green.Green$1 report][INFO] SerialTaskManager :: processedCount = 3
[20180320 17:14:13][za.ac.sun.cs.green.Green$1 report][INFO] NullStore :: getCount = 3
[20180320 17:14:13][za.ac.sun.cs.green.Green$1 report][INFO] NullStore :: putCount = 3
[20180320 17:14:13][za.ac.sun.cs.green.Green$1 report][INFO] BounderService :: invocations = 3
[20180320 17:14:13][za.ac.sun.cs.green.Green$1 report][INFO] BounderService :: totalVariables = 6
[20180320 17:14:13][za.ac.sun.cs.green.Green$1 report][INFO] ModelZ3JavaService :: invocationCount = 3
[20180320 17:14:13][za.ac.sun.cs.green.Green$1 report][INFO] ModelZ3JavaService :: cacheHitCount = 0
[20180320 17:14:13][za.ac.sun.cs.green.Green$1 report][INFO] ModelZ3JavaService :: cacheMissCount = 3
[20180320 17:14:13][za.ac.sun.cs.green.Green$1 report][INFO] ModelZ3JavaService :: timeConsumption = 22
[20180320 17:14:13][za.ac.sun.cs.green.Green <init>][FINEST] Solver("anonymous10") created
[20180320 17:14:13][za.ac.sun.cs.green.Green registerService][INFO] register service: name="sat", subservice=za.ac.sun.cs.green.service.simplify.ConstantPropagation
[20180320 17:14:13][za.ac.sun.cs.green.Green registerService][INFO] register service: name="za.ac.sun.cs.green.service.simplify.ConstantPropagation", subservice=za.ac.sun.cs.green.service.sink.SinkService
[20180320 17:14:13][za.ac.sun.cs.green.taskmanager.SerialTaskManager process][INFO] processing serviceName="sat"
[20180320 17:14:13][za.ac.sun.cs.green.taskmanager.SerialTaskManager process][INFO] processing serviceName="sat"
[20180320 17:14:13][za.ac.sun.cs.green.taskmanager.SerialTaskManager process][INFO] processing serviceName="sat"
[20180320 17:14:13][za.ac.sun.cs.green.taskmanager.SerialTaskManager process][INFO] processing serviceName="sat"
[20180320 17:14:13][za.ac.sun.cs.green.taskmanager.SerialTaskManager process][INFO] processing serviceName="sat"
[20180320 17:14:13][za.ac.sun.cs.green.taskmanager.SerialTaskManager process][INFO] processing serviceName="sat"
[20180320 17:14:13][za.ac.sun.cs.green.taskmanager.SerialTaskManager process][INFO] processing serviceName="sat"
[20180320 17:14:13][za.ac.sun.cs.green.taskmanager.SerialTaskManager process][INFO] processing serviceName="sat"
[20180320 17:14:13][za.ac.sun.cs.green.taskmanager.SerialTaskManager process][INFO] processing serviceName="sat"
[20180320 17:14:13][za.ac.sun.cs.green.taskmanager.SerialTaskManager process][INFO] processing serviceName="sat"
[20180320 17:14:13][za.ac.sun.cs.green.taskmanager.SerialTaskManager process][INFO] processing serviceName="sat"
[20180320 17:14:13][za.ac.sun.cs.green.taskmanager.SerialTaskManager process][INFO] processing serviceName="sat"
]]></system-out>

      <system-err><![CDATA[]]></system-err>

  </testsuite>
</testsuites>
